2022-04-27 00:07:09.129 INFO  org.hibernate.validator.internal.util.Version     :21   [32m                  [0;39m HV000001: Hibernate Validator 6.2.0.Final
2022-04-27 00:07:09.138 INFO  com.fish.community.demo.DemoApplicationTests      :55   [32m                  [0;39m Starting DemoApplicationTests using Java 1.8.0_181 on yc001 with PID 12268 (started by A in F:\springbootœÓƒø\œÃ”„…Á«¯)
2022-04-27 00:07:09.141 INFO  com.fish.community.demo.DemoApplicationTests      :659  [32m                  [0;39m No active profile set, falling back to default profiles: default
2022-04-27 00:07:10.275 INFO  o.s.d.r.config.RepositoryConfigurationDelegate    :262  [32m                  [0;39m Multiple Spring Data modules found, entering strict repository configuration mode!
2022-04-27 00:07:10.279 INFO  o.s.d.r.config.RepositoryConfigurationDelegate    :132  [32m                  [0;39m Bootstrapping Spring Data Redis repositories in DEFAULT mode.
2022-04-27 00:07:10.313 INFO  o.s.d.r.config.RepositoryConfigurationDelegate    :201  [32m                  [0;39m Finished Spring Data repository scanning in 17 ms. Found 0 Redis repository interfaces.
2022-04-27 00:07:12.567 INFO  o.s.boot.web.embedded.tomcat.TomcatWebServer      :108  [32m                  [0;39m Tomcat initialized with port(s): 0 (http)
2022-04-27 00:07:12.578 INFO  org.apache.coyote.http11.Http11NioProtocol        :173  [32m                  [0;39m Initializing ProtocolHandler ["http-nio-auto-1"]
2022-04-27 00:07:12.578 INFO  org.apache.catalina.core.StandardService          :173  [32m                  [0;39m Starting service [Tomcat]
2022-04-27 00:07:12.580 INFO  org.apache.catalina.core.StandardEngine           :173  [32m                  [0;39m Starting Servlet engine: [Apache Tomcat/9.0.53]
2022-04-27 00:07:12.690 INFO  o.a.c.core.ContainerBase.[Tomcat].[localhost].[/] :173  [32m                  [0;39m Initializing Spring embedded WebApplicationContext
2022-04-27 00:07:12.691 INFO  o.s.b.w.s.c.ServletWebServerApplicationContext    :290  [32m                  [0;39m Root WebApplicationContext: initialization completed in 3525 ms
2022-04-27 00:07:14.941 INFO  s.d.s.w.PropertySourcedRequestMappingHandlerMapping:69   [32m                  [0;39m Mapped URL path [/v2/api-docs] onto method [springfox.documentation.swagger2.web.Swagger2Controller#getDocumentation(String, HttpServletRequest)]
2022-04-27 00:07:16.080 INFO  org.apache.coyote.http11.Http11NioProtocol        :173  [32m                  [0;39m Starting ProtocolHandler ["http-nio-auto-1"]
2022-04-27 00:07:16.114 INFO  o.s.boot.web.embedded.tomcat.TomcatWebServer      :220  [32m                  [0;39m Tomcat started on port(s): 2896 (http) with context path ''
2022-04-27 00:07:16.116 INFO  s.d.s.web.plugins.DocumentationPluginsBootstrapper:147  [32m                  [0;39m Context refreshed
2022-04-27 00:07:16.140 INFO  s.d.s.web.plugins.DocumentationPluginsBootstrapper:150  [32m                  [0;39m Found 1 custom documentation plugin(s)
2022-04-27 00:07:16.176 INFO  s.d.spring.web.scanners.ApiListingReferenceScanner:41   [32m                  [0;39m Scanning for api listing references
2022-04-27 00:07:16.305 INFO  s.d.s.w.r.operation.CachingOperationNameGenerator :40   [32m                  [0;39m Generating unique operation named: getArticleListsUsingGET_1
2022-04-27 00:07:16.336 INFO  s.d.s.w.r.operation.CachingOperationNameGenerator :40   [32m                  [0;39m Generating unique operation named: searchByKeyUsingGET_1
2022-04-27 00:07:16.368 INFO  s.d.s.w.r.operation.CachingOperationNameGenerator :40   [32m                  [0;39m Generating unique operation named: getCommentsListUsingGET_1
2022-04-27 00:07:16.457 INFO  com.fish.community.demo.DemoApplicationTests      :61   [32m                  [0;39m Started DemoApplicationTests in 7.756 seconds (JVM running for 8.739)
