2022-04-16 16:15:34.093 INFO  com.fish.community.demo.DemoApplicationTests      :55   [32m                  [0;39m Starting DemoApplicationTests using Java 1.8.0_181 on yc001 with PID 20064 (started by A in F:\springbootœÓƒø\œÃ”„…Á«¯)
2022-04-16 16:15:34.099 INFO  com.fish.community.demo.DemoApplicationTests      :659  [32m                  [0;39m No active profile set, falling back to default profiles: default
2022-04-16 16:15:34.128 INFO  org.hibernate.validator.internal.util.Version     :21   [32m                  [0;39m HV000001: Hibernate Validator 6.2.0.Final
2022-04-16 16:15:36.664 INFO  o.s.d.r.config.RepositoryConfigurationDelegate    :262  [32m                  [0;39m Multiple Spring Data modules found, entering strict repository configuration mode!
2022-04-16 16:15:36.675 INFO  o.s.d.r.config.RepositoryConfigurationDelegate    :132  [32m                  [0;39m Bootstrapping Spring Data Redis repositories in DEFAULT mode.
2022-04-16 16:15:36.800 INFO  o.s.d.r.config.RepositoryConfigurationDelegate    :201  [32m                  [0;39m Finished Spring Data repository scanning in 102 ms. Found 0 Redis repository interfaces.
2022-04-16 16:15:39.725 INFO  s.d.s.w.PropertySourcedRequestMappingHandlerMapping:69   [32m                  [0;39m Mapped URL path [/v2/api-docs] onto method [springfox.documentation.swagger2.web.Swagger2Controller#getDocumentation(String, HttpServletRequest)]
2022-04-16 16:15:41.117 INFO  s.d.s.web.plugins.DocumentationPluginsBootstrapper:147  [32m                  [0;39m Context refreshed
2022-04-16 16:15:41.156 INFO  s.d.s.web.plugins.DocumentationPluginsBootstrapper:150  [32m                  [0;39m Found 1 custom documentation plugin(s)
2022-04-16 16:15:41.205 INFO  s.d.spring.web.scanners.ApiListingReferenceScanner:41   [32m                  [0;39m Scanning for api listing references
2022-04-16 16:15:41.358 INFO  s.d.s.w.r.operation.CachingOperationNameGenerator :40   [32m                  [0;39m Generating unique operation named: getArticleListsUsingGET_1
2022-04-16 16:15:41.383 INFO  s.d.s.w.r.operation.CachingOperationNameGenerator :40   [32m                  [0;39m Generating unique operation named: searchByKeyUsingGET_1
2022-04-16 16:15:41.510 INFO  com.fish.community.demo.DemoApplicationTests      :61   [32m                  [0;39m Started DemoApplicationTests in 8.178 seconds (JVM running for 9.377)
2022-04-16 19:32:43.857 INFO  com.fish.community.demo.DemoApplicationTests      :55   [32m                  [0;39m Starting DemoApplicationTests using Java 1.8.0_181 on yc001 with PID 8108 (started by A in F:\springbootœÓƒø\œÃ”„…Á«¯)
2022-04-16 19:32:43.877 INFO  org.hibernate.validator.internal.util.Version     :21   [32m                  [0;39m HV000001: Hibernate Validator 6.2.0.Final
2022-04-16 19:32:43.910 INFO  com.fish.community.demo.DemoApplicationTests      :659  [32m                  [0;39m No active profile set, falling back to default profiles: default
2022-04-16 19:32:45.544 INFO  o.s.d.r.config.RepositoryConfigurationDelegate    :262  [32m                  [0;39m Multiple Spring Data modules found, entering strict repository configuration mode!
2022-04-16 19:32:45.549 INFO  o.s.d.r.config.RepositoryConfigurationDelegate    :132  [32m                  [0;39m Bootstrapping Spring Data Redis repositories in DEFAULT mode.
2022-04-16 19:32:45.625 INFO  o.s.d.r.config.RepositoryConfigurationDelegate    :201  [32m                  [0;39m Finished Spring Data repository scanning in 48 ms. Found 0 Redis repository interfaces.
2022-04-16 19:32:49.166 INFO  s.d.s.w.PropertySourcedRequestMappingHandlerMapping:69   [32m                  [0;39m Mapped URL path [/v2/api-docs] onto method [springfox.documentation.swagger2.web.Swagger2Controller#getDocumentation(String, HttpServletRequest)]
2022-04-16 19:32:53.041 INFO  s.d.s.web.plugins.DocumentationPluginsBootstrapper:147  [32m                  [0;39m Context refreshed
2022-04-16 19:32:53.075 INFO  s.d.s.web.plugins.DocumentationPluginsBootstrapper:150  [32m                  [0;39m Found 1 custom documentation plugin(s)
2022-04-16 19:32:53.129 INFO  s.d.spring.web.scanners.ApiListingReferenceScanner:41   [32m                  [0;39m Scanning for api listing references
2022-04-16 19:32:53.351 INFO  s.d.s.w.r.operation.CachingOperationNameGenerator :40   [32m                  [0;39m Generating unique operation named: getArticleListsUsingGET_1
2022-04-16 19:32:53.378 INFO  s.d.s.w.r.operation.CachingOperationNameGenerator :40   [32m                  [0;39m Generating unique operation named: searchByKeyUsingGET_1
2022-04-16 19:32:53.520 INFO  com.fish.community.demo.DemoApplicationTests      :61   [32m                  [0;39m Started DemoApplicationTests in 10.082 seconds (JVM running for 11.739)
2022-04-16 20:18:28.351 INFO  com.fish.community.demo.DemoApplicationTests      :55   [32m                  [0;39m Starting DemoApplicationTests using Java 1.8.0_181 on yc001 with PID 21208 (started by A in F:\springbootœÓƒø\œÃ”„…Á«¯)
2022-04-16 20:18:28.384 INFO  com.fish.community.demo.DemoApplicationTests      :659  [32m                  [0;39m No active profile set, falling back to default profiles: default
2022-04-16 20:18:28.394 INFO  org.hibernate.validator.internal.util.Version     :21   [32m                  [0;39m HV000001: Hibernate Validator 6.2.0.Final
2022-04-16 20:18:29.472 INFO  o.s.d.r.config.RepositoryConfigurationDelegate    :262  [32m                  [0;39m Multiple Spring Data modules found, entering strict repository configuration mode!
2022-04-16 20:18:29.475 INFO  o.s.d.r.config.RepositoryConfigurationDelegate    :132  [32m                  [0;39m Bootstrapping Spring Data Redis repositories in DEFAULT mode.
2022-04-16 20:18:29.515 INFO  o.s.d.r.config.RepositoryConfigurationDelegate    :201  [32m                  [0;39m Finished Spring Data repository scanning in 27 ms. Found 0 Redis repository interfaces.
2022-04-16 20:18:33.426 INFO  s.d.s.w.PropertySourcedRequestMappingHandlerMapping:69   [32m                  [0;39m Mapped URL path [/v2/api-docs] onto method [springfox.documentation.swagger2.web.Swagger2Controller#getDocumentation(String, HttpServletRequest)]
2022-04-16 20:18:34.927 INFO  s.d.s.web.plugins.DocumentationPluginsBootstrapper:147  [32m                  [0;39m Context refreshed
2022-04-16 20:18:34.960 INFO  s.d.s.web.plugins.DocumentationPluginsBootstrapper:150  [32m                  [0;39m Found 1 custom documentation plugin(s)
2022-04-16 20:18:35.009 INFO  s.d.spring.web.scanners.ApiListingReferenceScanner:41   [32m                  [0;39m Scanning for api listing references
2022-04-16 20:18:35.313 INFO  s.d.s.w.r.operation.CachingOperationNameGenerator :40   [32m                  [0;39m Generating unique operation named: getArticleListsUsingGET_1
2022-04-16 20:18:35.363 INFO  s.d.s.w.r.operation.CachingOperationNameGenerator :40   [32m                  [0;39m Generating unique operation named: searchByKeyUsingGET_1
2022-04-16 20:18:35.543 INFO  com.fish.community.demo.DemoApplicationTests      :61   [32m                  [0;39m Started DemoApplicationTests in 7.642 seconds (JVM running for 8.838)
2022-04-16 21:20:31.423 INFO  com.fish.community.demo.DemoApplicationTests      :55   [32m                  [0;39m Starting DemoApplicationTests using Java 1.8.0_181 on yc001 with PID 21388 (started by A in F:\springbootœÓƒø\œÃ”„…Á«¯)
2022-04-16 21:20:31.441 INFO  com.fish.community.demo.DemoApplicationTests      :659  [32m                  [0;39m No active profile set, falling back to default profiles: default
2022-04-16 21:20:31.441 INFO  org.hibernate.validator.internal.util.Version     :21   [32m                  [0;39m HV000001: Hibernate Validator 6.2.0.Final
2022-04-16 21:20:32.623 INFO  o.s.d.r.config.RepositoryConfigurationDelegate    :262  [32m                  [0;39m Multiple Spring Data modules found, entering strict repository configuration mode!
2022-04-16 21:20:32.627 INFO  o.s.d.r.config.RepositoryConfigurationDelegate    :132  [32m                  [0;39m Bootstrapping Spring Data Redis repositories in DEFAULT mode.
2022-04-16 21:20:32.674 INFO  o.s.d.r.config.RepositoryConfigurationDelegate    :201  [32m                  [0;39m Finished Spring Data repository scanning in 31 ms. Found 0 Redis repository interfaces.
2022-04-16 21:20:36.972 INFO  s.d.s.w.PropertySourcedRequestMappingHandlerMapping:69   [32m                  [0;39m Mapped URL path [/v2/api-docs] onto method [springfox.documentation.swagger2.web.Swagger2Controller#getDocumentation(String, HttpServletRequest)]
2022-04-16 21:20:38.871 INFO  s.d.s.web.plugins.DocumentationPluginsBootstrapper:147  [32m                  [0;39m Context refreshed
2022-04-16 21:20:38.893 INFO  s.d.s.web.plugins.DocumentationPluginsBootstrapper:150  [32m                  [0;39m Found 1 custom documentation plugin(s)
2022-04-16 21:20:38.926 INFO  s.d.spring.web.scanners.ApiListingReferenceScanner:41   [32m                  [0;39m Scanning for api listing references
2022-04-16 21:20:39.084 INFO  s.d.s.w.r.operation.CachingOperationNameGenerator :40   [32m                  [0;39m Generating unique operation named: getArticleListsUsingGET_1
2022-04-16 21:20:39.122 INFO  s.d.s.w.r.operation.CachingOperationNameGenerator :40   [32m                  [0;39m Generating unique operation named: searchByKeyUsingGET_1
2022-04-16 21:20:39.178 INFO  s.d.s.w.r.operation.CachingOperationNameGenerator :40   [32m                  [0;39m Generating unique operation named: getCommentsListUsingGET_1
2022-04-16 21:20:39.187 INFO  s.d.s.w.r.operation.CachingOperationNameGenerator :40   [32m                  [0;39m Generating unique operation named: getCommentsListUsingGET_2
2022-04-16 21:20:39.307 INFO  com.fish.community.demo.DemoApplicationTests      :61   [32m                  [0;39m Started DemoApplicationTests in 8.356 seconds (JVM running for 9.504)
2022-04-16 21:38:39.074 INFO  com.fish.community.demo.DemoApplicationTests      :55   [32m                  [0;39m Starting DemoApplicationTests using Java 1.8.0_181 on yc001 with PID 12476 (started by A in F:\springbootœÓƒø\œÃ”„…Á«¯)
2022-04-16 21:38:39.106 INFO  com.fish.community.demo.DemoApplicationTests      :659  [32m                  [0;39m No active profile set, falling back to default profiles: default
2022-04-16 21:38:39.117 INFO  org.hibernate.validator.internal.util.Version     :21   [32m                  [0;39m HV000001: Hibernate Validator 6.2.0.Final
2022-04-16 21:38:40.300 INFO  o.s.d.r.config.RepositoryConfigurationDelegate    :262  [32m                  [0;39m Multiple Spring Data modules found, entering strict repository configuration mode!
2022-04-16 21:38:40.303 INFO  o.s.d.r.config.RepositoryConfigurationDelegate    :132  [32m                  [0;39m Bootstrapping Spring Data Redis repositories in DEFAULT mode.
2022-04-16 21:38:40.342 INFO  o.s.d.r.config.RepositoryConfigurationDelegate    :201  [32m                  [0;39m Finished Spring Data repository scanning in 27 ms. Found 0 Redis repository interfaces.
2022-04-16 21:38:44.156 INFO  s.d.s.w.PropertySourcedRequestMappingHandlerMapping:69   [32m                  [0;39m Mapped URL path [/v2/api-docs] onto method [springfox.documentation.swagger2.web.Swagger2Controller#getDocumentation(String, HttpServletRequest)]
2022-04-16 21:38:45.693 INFO  s.d.s.web.plugins.DocumentationPluginsBootstrapper:147  [32m                  [0;39m Context refreshed
2022-04-16 21:38:45.730 INFO  s.d.s.web.plugins.DocumentationPluginsBootstrapper:150  [32m                  [0;39m Found 1 custom documentation plugin(s)
2022-04-16 21:38:45.781 INFO  s.d.spring.web.scanners.ApiListingReferenceScanner:41   [32m                  [0;39m Scanning for api listing references
2022-04-16 21:38:45.986 INFO  s.d.s.w.r.operation.CachingOperationNameGenerator :40   [32m                  [0;39m Generating unique operation named: getArticleListsUsingGET_1
2022-04-16 21:38:46.016 INFO  s.d.s.w.r.operation.CachingOperationNameGenerator :40   [32m                  [0;39m Generating unique operation named: searchByKeyUsingGET_1
2022-04-16 21:38:46.047 INFO  s.d.s.w.r.operation.CachingOperationNameGenerator :40   [32m                  [0;39m Generating unique operation named: getCommentsListUsingGET_1
2022-04-16 21:38:46.057 INFO  s.d.s.w.r.operation.CachingOperationNameGenerator :40   [32m                  [0;39m Generating unique operation named: getCommentsListUsingGET_2
2022-04-16 21:38:46.179 INFO  com.fish.community.demo.DemoApplicationTests      :61   [32m                  [0;39m Started DemoApplicationTests in 7.479 seconds (JVM running for 8.89)
