2022-04-28 22:12:03.447 INFO  org.hibernate.validator.internal.util.Version     :21   [32m                  [0;39m HV000001: Hibernate Validator 6.2.0.Final
2022-04-28 22:12:03.449 INFO  com.fish.community.demo.DemoApplicationTests      :55   [32m                  [0;39m Starting DemoApplicationTests using Java 1.8.0_181 on yc001 with PID 17572 (started by A in F:\springbootœÓƒø\œÃ”„…Á«¯)
2022-04-28 22:12:03.475 INFO  com.fish.community.demo.DemoApplicationTests      :659  [32m                  [0;39m No active profile set, falling back to default profiles: default
2022-04-28 22:12:04.466 INFO  o.s.d.r.config.RepositoryConfigurationDelegate    :262  [32m                  [0;39m Multiple Spring Data modules found, entering strict repository configuration mode!
2022-04-28 22:12:04.470 INFO  o.s.d.r.config.RepositoryConfigurationDelegate    :132  [32m                  [0;39m Bootstrapping Spring Data Redis repositories in DEFAULT mode.
2022-04-28 22:12:04.499 INFO  o.s.d.r.config.RepositoryConfigurationDelegate    :201  [32m                  [0;39m Finished Spring Data repository scanning in 18 ms. Found 0 Redis repository interfaces.
2022-04-28 22:12:06.481 INFO  o.s.boot.web.embedded.tomcat.TomcatWebServer      :108  [32m                  [0;39m Tomcat initialized with port(s): 0 (http)
2022-04-28 22:12:06.491 INFO  org.apache.coyote.http11.Http11NioProtocol        :173  [32m                  [0;39m Initializing ProtocolHandler ["http-nio-auto-1"]
2022-04-28 22:12:06.492 INFO  org.apache.catalina.core.StandardService          :173  [32m                  [0;39m Starting service [Tomcat]
2022-04-28 22:12:06.492 INFO  org.apache.catalina.core.StandardEngine           :173  [32m                  [0;39m Starting Servlet engine: [Apache Tomcat/9.0.53]
2022-04-28 22:12:06.585 INFO  o.a.c.core.ContainerBase.[Tomcat].[localhost].[/] :173  [32m                  [0;39m Initializing Spring embedded WebApplicationContext
2022-04-28 22:12:06.586 INFO  o.s.b.w.s.c.ServletWebServerApplicationContext    :290  [32m                  [0;39m Root WebApplicationContext: initialization completed in 3094 ms
2022-04-28 22:12:10.312 INFO  s.d.s.w.PropertySourcedRequestMappingHandlerMapping:69   [32m                  [0;39m Mapped URL path [/v2/api-docs] onto method [springfox.documentation.swagger2.web.Swagger2Controller#getDocumentation(String, HttpServletRequest)]
2022-04-28 22:12:12.452 INFO  org.apache.coyote.http11.Http11NioProtocol        :173  [32m                  [0;39m Starting ProtocolHandler ["http-nio-auto-1"]
2022-04-28 22:12:12.474 INFO  o.s.boot.web.embedded.tomcat.TomcatWebServer      :220  [32m                  [0;39m Tomcat started on port(s): 13962 (http) with context path ''
2022-04-28 22:12:12.476 INFO  s.d.s.web.plugins.DocumentationPluginsBootstrapper:147  [32m                  [0;39m Context refreshed
2022-04-28 22:12:12.505 INFO  s.d.s.web.plugins.DocumentationPluginsBootstrapper:150  [32m                  [0;39m Found 1 custom documentation plugin(s)
2022-04-28 22:12:12.560 INFO  s.d.spring.web.scanners.ApiListingReferenceScanner:41   [32m                  [0;39m Scanning for api listing references
2022-04-28 22:12:13.201 INFO  s.d.s.w.r.operation.CachingOperationNameGenerator :40   [32m                  [0;39m Generating unique operation named: getArticleListsUsingGET_1
2022-04-28 22:12:13.242 INFO  s.d.s.w.r.operation.CachingOperationNameGenerator :40   [32m                  [0;39m Generating unique operation named: searchByKeyUsingGET_1
2022-04-28 22:12:13.276 INFO  s.d.s.w.r.operation.CachingOperationNameGenerator :40   [32m                  [0;39m Generating unique operation named: getCommentsListUsingGET_1
2022-04-28 22:12:14.620 INFO  com.fish.community.demo.DemoApplicationTests      :61   [32m                  [0;39m Started DemoApplicationTests in 11.508 seconds (JVM running for 12.42)
2022-04-28 22:37:07.187 INFO  org.hibernate.validator.internal.util.Version     :21   [32m                  [0;39m HV000001: Hibernate Validator 6.2.0.Final
2022-04-28 22:37:07.190 INFO  com.fish.community.demo.DemoApplicationTests      :55   [32m                  [0;39m Starting DemoApplicationTests using Java 1.8.0_181 on yc001 with PID 18860 (started by A in F:\springbootœÓƒø\œÃ”„…Á«¯)
2022-04-28 22:37:07.204 INFO  com.fish.community.demo.DemoApplicationTests      :659  [32m                  [0;39m No active profile set, falling back to default profiles: default
2022-04-28 22:37:08.427 INFO  o.s.d.r.config.RepositoryConfigurationDelegate    :262  [32m                  [0;39m Multiple Spring Data modules found, entering strict repository configuration mode!
2022-04-28 22:37:08.431 INFO  o.s.d.r.config.RepositoryConfigurationDelegate    :132  [32m                  [0;39m Bootstrapping Spring Data Redis repositories in DEFAULT mode.
2022-04-28 22:37:08.474 INFO  o.s.d.r.config.RepositoryConfigurationDelegate    :201  [32m                  [0;39m Finished Spring Data repository scanning in 26 ms. Found 0 Redis repository interfaces.
2022-04-28 22:37:10.730 INFO  o.s.boot.web.embedded.tomcat.TomcatWebServer      :108  [32m                  [0;39m Tomcat initialized with port(s): 0 (http)
2022-04-28 22:37:10.744 INFO  org.apache.coyote.http11.Http11NioProtocol        :173  [32m                  [0;39m Initializing ProtocolHandler ["http-nio-auto-1"]
2022-04-28 22:37:10.746 INFO  org.apache.catalina.core.StandardService          :173  [32m                  [0;39m Starting service [Tomcat]
2022-04-28 22:37:10.747 INFO  org.apache.catalina.core.StandardEngine           :173  [32m                  [0;39m Starting Servlet engine: [Apache Tomcat/9.0.53]
2022-04-28 22:37:10.869 INFO  o.a.c.core.ContainerBase.[Tomcat].[localhost].[/] :173  [32m                  [0;39m Initializing Spring embedded WebApplicationContext
2022-04-28 22:37:10.870 INFO  o.s.b.w.s.c.ServletWebServerApplicationContext    :290  [32m                  [0;39m Root WebApplicationContext: initialization completed in 3643 ms
2022-04-28 22:37:15.164 INFO  s.d.s.w.PropertySourcedRequestMappingHandlerMapping:69   [32m                  [0;39m Mapped URL path [/v2/api-docs] onto method [springfox.documentation.swagger2.web.Swagger2Controller#getDocumentation(String, HttpServletRequest)]
2022-04-28 22:37:16.388 INFO  org.apache.coyote.http11.Http11NioProtocol        :173  [32m                  [0;39m Starting ProtocolHandler ["http-nio-auto-1"]
2022-04-28 22:37:16.402 INFO  o.s.boot.web.embedded.tomcat.TomcatWebServer      :220  [32m                  [0;39m Tomcat started on port(s): 3122 (http) with context path ''
2022-04-28 22:37:16.403 INFO  s.d.s.web.plugins.DocumentationPluginsBootstrapper:147  [32m                  [0;39m Context refreshed
2022-04-28 22:37:16.430 INFO  s.d.s.web.plugins.DocumentationPluginsBootstrapper:150  [32m                  [0;39m Found 1 custom documentation plugin(s)
2022-04-28 22:37:16.464 INFO  s.d.spring.web.scanners.ApiListingReferenceScanner:41   [32m                  [0;39m Scanning for api listing references
2022-04-28 22:37:16.579 INFO  s.d.s.w.r.operation.CachingOperationNameGenerator :40   [32m                  [0;39m Generating unique operation named: getArticleListsUsingGET_1
2022-04-28 22:37:16.616 INFO  s.d.s.w.r.operation.CachingOperationNameGenerator :40   [32m                  [0;39m Generating unique operation named: searchByKeyUsingGET_1
2022-04-28 22:37:16.663 INFO  s.d.s.w.r.operation.CachingOperationNameGenerator :40   [32m                  [0;39m Generating unique operation named: getCommentsListUsingGET_1
2022-04-28 22:37:17.862 INFO  com.fish.community.demo.DemoApplicationTests      :61   [32m                  [0;39m Started DemoApplicationTests in 11.203 seconds (JVM running for 12.279)
2022-04-28 23:24:45.872 INFO  com.fish.community.demo.DemoApplicationTests      :55   [32m                  [0;39m Starting DemoApplicationTests using Java 1.8.0_181 on yc001 with PID 8656 (started by A in F:\springbootœÓƒø\œÃ”„…Á«¯)
2022-04-28 23:24:45.872 INFO  org.hibernate.validator.internal.util.Version     :21   [32m                  [0;39m HV000001: Hibernate Validator 6.2.0.Final
2022-04-28 23:24:45.890 INFO  com.fish.community.demo.DemoApplicationTests      :659  [32m                  [0;39m No active profile set, falling back to default profiles: default
2022-04-28 23:24:47.492 INFO  o.s.d.r.config.RepositoryConfigurationDelegate    :262  [32m                  [0;39m Multiple Spring Data modules found, entering strict repository configuration mode!
2022-04-28 23:24:47.498 INFO  o.s.d.r.config.RepositoryConfigurationDelegate    :132  [32m                  [0;39m Bootstrapping Spring Data Redis repositories in DEFAULT mode.
2022-04-28 23:24:47.555 INFO  o.s.d.r.config.RepositoryConfigurationDelegate    :201  [32m                  [0;39m Finished Spring Data repository scanning in 33 ms. Found 0 Redis repository interfaces.
2022-04-28 23:24:51.009 INFO  o.s.boot.web.embedded.tomcat.TomcatWebServer      :108  [32m                  [0;39m Tomcat initialized with port(s): 0 (http)
2022-04-28 23:24:51.025 INFO  org.apache.coyote.http11.Http11NioProtocol        :173  [32m                  [0;39m Initializing ProtocolHandler ["http-nio-auto-1"]
2022-04-28 23:24:51.026 INFO  org.apache.catalina.core.StandardService          :173  [32m                  [0;39m Starting service [Tomcat]
2022-04-28 23:24:51.027 INFO  org.apache.catalina.core.StandardEngine           :173  [32m                  [0;39m Starting Servlet engine: [Apache Tomcat/9.0.53]
2022-04-28 23:24:51.182 INFO  o.a.c.core.ContainerBase.[Tomcat].[localhost].[/] :173  [32m                  [0;39m Initializing Spring embedded WebApplicationContext
2022-04-28 23:24:51.183 INFO  o.s.b.w.s.c.ServletWebServerApplicationContext    :290  [32m                  [0;39m Root WebApplicationContext: initialization completed in 5260 ms
2022-04-28 23:24:57.125 INFO  s.d.s.w.PropertySourcedRequestMappingHandlerMapping:69   [32m                  [0;39m Mapped URL path [/v2/api-docs] onto method [springfox.documentation.swagger2.web.Swagger2Controller#getDocumentation(String, HttpServletRequest)]
2022-04-28 23:24:58.128 INFO  org.apache.coyote.http11.Http11NioProtocol        :173  [32m                  [0;39m Starting ProtocolHandler ["http-nio-auto-1"]
2022-04-28 23:24:58.144 INFO  o.s.boot.web.embedded.tomcat.TomcatWebServer      :220  [32m                  [0;39m Tomcat started on port(s): 4198 (http) with context path ''
2022-04-28 23:24:58.145 INFO  s.d.s.web.plugins.DocumentationPluginsBootstrapper:147  [32m                  [0;39m Context refreshed
2022-04-28 23:24:58.169 INFO  s.d.s.web.plugins.DocumentationPluginsBootstrapper:150  [32m                  [0;39m Found 1 custom documentation plugin(s)
2022-04-28 23:24:58.211 INFO  s.d.spring.web.scanners.ApiListingReferenceScanner:41   [32m                  [0;39m Scanning for api listing references
2022-04-28 23:24:58.324 INFO  s.d.s.w.r.operation.CachingOperationNameGenerator :40   [32m                  [0;39m Generating unique operation named: getArticleListsUsingGET_1
2022-04-28 23:24:58.358 INFO  s.d.s.w.r.operation.CachingOperationNameGenerator :40   [32m                  [0;39m Generating unique operation named: searchByKeyUsingGET_1
2022-04-28 23:24:58.383 INFO  s.d.s.w.r.operation.CachingOperationNameGenerator :40   [32m                  [0;39m Generating unique operation named: getCommentsListUsingGET_1
2022-04-28 23:24:59.461 INFO  com.fish.community.demo.DemoApplicationTests      :61   [32m                  [0;39m Started DemoApplicationTests in 14.173 seconds (JVM running for 15.821)
2022-04-28 23:31:07.317 INFO  org.hibernate.validator.internal.util.Version     :21   [32m                  [0;39m HV000001: Hibernate Validator 6.2.0.Final
2022-04-28 23:31:07.319 INFO  com.fish.community.demo.DemoApplicationTests      :55   [32m                  [0;39m Starting DemoApplicationTests using Java 1.8.0_181 on yc001 with PID 3600 (started by A in F:\springbootœÓƒø\œÃ”„…Á«¯)
2022-04-28 23:31:07.322 INFO  com.fish.community.demo.DemoApplicationTests      :659  [32m                  [0;39m No active profile set, falling back to default profiles: default
2022-04-28 23:31:08.293 INFO  o.s.d.r.config.RepositoryConfigurationDelegate    :262  [32m                  [0;39m Multiple Spring Data modules found, entering strict repository configuration mode!
2022-04-28 23:31:08.296 INFO  o.s.d.r.config.RepositoryConfigurationDelegate    :132  [32m                  [0;39m Bootstrapping Spring Data Redis repositories in DEFAULT mode.
2022-04-28 23:31:08.329 INFO  o.s.d.r.config.RepositoryConfigurationDelegate    :201  [32m                  [0;39m Finished Spring Data repository scanning in 21 ms. Found 0 Redis repository interfaces.
2022-04-28 23:31:10.262 INFO  o.s.boot.web.embedded.tomcat.TomcatWebServer      :108  [32m                  [0;39m Tomcat initialized with port(s): 0 (http)
2022-04-28 23:31:10.271 INFO  org.apache.coyote.http11.Http11NioProtocol        :173  [32m                  [0;39m Initializing ProtocolHandler ["http-nio-auto-1"]
2022-04-28 23:31:10.272 INFO  org.apache.catalina.core.StandardService          :173  [32m                  [0;39m Starting service [Tomcat]
2022-04-28 23:31:10.272 INFO  org.apache.catalina.core.StandardEngine           :173  [32m                  [0;39m Starting Servlet engine: [Apache Tomcat/9.0.53]
2022-04-28 23:31:10.363 INFO  o.a.c.core.ContainerBase.[Tomcat].[localhost].[/] :173  [32m                  [0;39m Initializing Spring embedded WebApplicationContext
2022-04-28 23:31:10.364 INFO  o.s.b.w.s.c.ServletWebServerApplicationContext    :290  [32m                  [0;39m Root WebApplicationContext: initialization completed in 3024 ms
2022-04-28 23:31:14.187 INFO  s.d.s.w.PropertySourcedRequestMappingHandlerMapping:69   [32m                  [0;39m Mapped URL path [/v2/api-docs] onto method [springfox.documentation.swagger2.web.Swagger2Controller#getDocumentation(String, HttpServletRequest)]
2022-04-28 23:31:15.205 INFO  org.apache.coyote.http11.Http11NioProtocol        :173  [32m                  [0;39m Starting ProtocolHandler ["http-nio-auto-1"]
2022-04-28 23:31:15.221 INFO  o.s.boot.web.embedded.tomcat.TomcatWebServer      :220  [32m                  [0;39m Tomcat started on port(s): 4533 (http) with context path ''
2022-04-28 23:31:15.223 INFO  s.d.s.web.plugins.DocumentationPluginsBootstrapper:147  [32m                  [0;39m Context refreshed
2022-04-28 23:31:15.246 INFO  s.d.s.web.plugins.DocumentationPluginsBootstrapper:150  [32m                  [0;39m Found 1 custom documentation plugin(s)
2022-04-28 23:31:15.288 INFO  s.d.spring.web.scanners.ApiListingReferenceScanner:41   [32m                  [0;39m Scanning for api listing references
2022-04-28 23:31:15.423 INFO  s.d.s.w.r.operation.CachingOperationNameGenerator :40   [32m                  [0;39m Generating unique operation named: getArticleListsUsingGET_1
2022-04-28 23:31:15.460 INFO  s.d.s.w.r.operation.CachingOperationNameGenerator :40   [32m                  [0;39m Generating unique operation named: searchByKeyUsingGET_1
2022-04-28 23:31:15.493 INFO  s.d.s.w.r.operation.CachingOperationNameGenerator :40   [32m                  [0;39m Generating unique operation named: getCommentsListUsingGET_1
2022-04-28 23:31:16.704 INFO  com.fish.community.demo.DemoApplicationTests      :61   [32m                  [0;39m Started DemoApplicationTests in 9.73 seconds (JVM running for 10.676)
2022-04-28 23:36:09.946 INFO  org.hibernate.validator.internal.util.Version     :21   [32m                  [0;39m HV000001: Hibernate Validator 6.2.0.Final
2022-04-28 23:36:09.952 INFO  com.fish.community.demo.DemoApplicationTests      :55   [32m                  [0;39m Starting DemoApplicationTests using Java 1.8.0_181 on yc001 with PID 10696 (started by A in F:\springbootœÓƒø\œÃ”„…Á«¯)
2022-04-28 23:36:09.953 INFO  com.fish.community.demo.DemoApplicationTests      :659  [32m                  [0;39m No active profile set, falling back to default profiles: default
2022-04-28 23:36:10.930 INFO  o.s.d.r.config.RepositoryConfigurationDelegate    :262  [32m                  [0;39m Multiple Spring Data modules found, entering strict repository configuration mode!
2022-04-28 23:36:10.932 INFO  o.s.d.r.config.RepositoryConfigurationDelegate    :132  [32m                  [0;39m Bootstrapping Spring Data Redis repositories in DEFAULT mode.
2022-04-28 23:36:10.960 INFO  o.s.d.r.config.RepositoryConfigurationDelegate    :201  [32m                  [0;39m Finished Spring Data repository scanning in 16 ms. Found 0 Redis repository interfaces.
2022-04-28 23:36:12.908 INFO  o.s.boot.web.embedded.tomcat.TomcatWebServer      :108  [32m                  [0;39m Tomcat initialized with port(s): 0 (http)
2022-04-28 23:36:12.918 INFO  org.apache.coyote.http11.Http11NioProtocol        :173  [32m                  [0;39m Initializing ProtocolHandler ["http-nio-auto-1"]
2022-04-28 23:36:12.918 INFO  org.apache.catalina.core.StandardService          :173  [32m                  [0;39m Starting service [Tomcat]
2022-04-28 23:36:12.919 INFO  org.apache.catalina.core.StandardEngine           :173  [32m                  [0;39m Starting Servlet engine: [Apache Tomcat/9.0.53]
2022-04-28 23:36:13.017 INFO  o.a.c.core.ContainerBase.[Tomcat].[localhost].[/] :173  [32m                  [0;39m Initializing Spring embedded WebApplicationContext
2022-04-28 23:36:13.018 INFO  o.s.b.w.s.c.ServletWebServerApplicationContext    :290  [32m                  [0;39m Root WebApplicationContext: initialization completed in 3048 ms
2022-04-28 23:36:16.604 INFO  s.d.s.w.PropertySourcedRequestMappingHandlerMapping:69   [32m                  [0;39m Mapped URL path [/v2/api-docs] onto method [springfox.documentation.swagger2.web.Swagger2Controller#getDocumentation(String, HttpServletRequest)]
2022-04-28 23:36:17.610 INFO  org.apache.coyote.http11.Http11NioProtocol        :173  [32m                  [0;39m Starting ProtocolHandler ["http-nio-auto-1"]
2022-04-28 23:36:17.628 INFO  o.s.boot.web.embedded.tomcat.TomcatWebServer      :220  [32m                  [0;39m Tomcat started on port(s): 4880 (http) with context path ''
2022-04-28 23:36:17.630 INFO  s.d.s.web.plugins.DocumentationPluginsBootstrapper:147  [32m                  [0;39m Context refreshed
2022-04-28 23:36:17.656 INFO  s.d.s.web.plugins.DocumentationPluginsBootstrapper:150  [32m                  [0;39m Found 1 custom documentation plugin(s)
2022-04-28 23:36:17.689 INFO  s.d.spring.web.scanners.ApiListingReferenceScanner:41   [32m                  [0;39m Scanning for api listing references
2022-04-28 23:36:17.823 INFO  s.d.s.w.r.operation.CachingOperationNameGenerator :40   [32m                  [0;39m Generating unique operation named: getArticleListsUsingGET_1
2022-04-28 23:36:17.858 INFO  s.d.s.w.r.operation.CachingOperationNameGenerator :40   [32m                  [0;39m Generating unique operation named: searchByKeyUsingGET_1
2022-04-28 23:36:17.889 INFO  s.d.s.w.r.operation.CachingOperationNameGenerator :40   [32m                  [0;39m Generating unique operation named: getCommentsListUsingGET_1
2022-04-28 23:36:19.022 INFO  com.fish.community.demo.DemoApplicationTests      :61   [32m                  [0;39m Started DemoApplicationTests in 9.447 seconds (JVM running for 10.339)
2022-04-28 23:45:20.279 INFO  org.hibernate.validator.internal.util.Version     :21   [32m                  [0;39m HV000001: Hibernate Validator 6.2.0.Final
2022-04-28 23:45:20.284 INFO  com.fish.community.demo.DemoApplicationTests      :55   [32m                  [0;39m Starting DemoApplicationTests using Java 1.8.0_181 on yc001 with PID 1492 (started by A in F:\springbootœÓƒø\œÃ”„…Á«¯)
2022-04-28 23:45:20.287 INFO  com.fish.community.demo.DemoApplicationTests      :659  [32m                  [0;39m No active profile set, falling back to default profiles: default
2022-04-28 23:45:21.216 INFO  o.s.d.r.config.RepositoryConfigurationDelegate    :262  [32m                  [0;39m Multiple Spring Data modules found, entering strict repository configuration mode!
2022-04-28 23:45:21.219 INFO  o.s.d.r.config.RepositoryConfigurationDelegate    :132  [32m                  [0;39m Bootstrapping Spring Data Redis repositories in DEFAULT mode.
2022-04-28 23:45:21.250 INFO  o.s.d.r.config.RepositoryConfigurationDelegate    :201  [32m                  [0;39m Finished Spring Data repository scanning in 19 ms. Found 0 Redis repository interfaces.
2022-04-28 23:45:23.601 INFO  o.s.boot.web.embedded.tomcat.TomcatWebServer      :108  [32m                  [0;39m Tomcat initialized with port(s): 0 (http)
2022-04-28 23:45:23.618 INFO  org.apache.coyote.http11.Http11NioProtocol        :173  [32m                  [0;39m Initializing ProtocolHandler ["http-nio-auto-1"]
2022-04-28 23:45:23.620 INFO  org.apache.catalina.core.StandardService          :173  [32m                  [0;39m Starting service [Tomcat]
2022-04-28 23:45:23.621 INFO  org.apache.catalina.core.StandardEngine           :173  [32m                  [0;39m Starting Servlet engine: [Apache Tomcat/9.0.53]
2022-04-28 23:45:23.787 INFO  o.a.c.core.ContainerBase.[Tomcat].[localhost].[/] :173  [32m                  [0;39m Initializing Spring embedded WebApplicationContext
2022-04-28 23:45:23.787 INFO  o.s.b.w.s.c.ServletWebServerApplicationContext    :290  [32m                  [0;39m Root WebApplicationContext: initialization completed in 3479 ms
2022-04-28 23:45:28.231 INFO  s.d.s.w.PropertySourcedRequestMappingHandlerMapping:69   [32m                  [0;39m Mapped URL path [/v2/api-docs] onto method [springfox.documentation.swagger2.web.Swagger2Controller#getDocumentation(String, HttpServletRequest)]
2022-04-28 23:45:29.339 INFO  org.apache.coyote.http11.Http11NioProtocol        :173  [32m                  [0;39m Starting ProtocolHandler ["http-nio-auto-1"]
2022-04-28 23:45:29.364 INFO  o.s.boot.web.embedded.tomcat.TomcatWebServer      :220  [32m                  [0;39m Tomcat started on port(s): 5481 (http) with context path ''
2022-04-28 23:45:29.368 INFO  s.d.s.web.plugins.DocumentationPluginsBootstrapper:147  [32m                  [0;39m Context refreshed
2022-04-28 23:45:29.411 INFO  s.d.s.web.plugins.DocumentationPluginsBootstrapper:150  [32m                  [0;39m Found 1 custom documentation plugin(s)
2022-04-28 23:45:29.465 INFO  s.d.spring.web.scanners.ApiListingReferenceScanner:41   [32m                  [0;39m Scanning for api listing references
2022-04-28 23:45:29.674 INFO  s.d.s.w.r.operation.CachingOperationNameGenerator :40   [32m                  [0;39m Generating unique operation named: getArticleListsUsingGET_1
2022-04-28 23:45:29.706 INFO  s.d.s.w.r.operation.CachingOperationNameGenerator :40   [32m                  [0;39m Generating unique operation named: searchByKeyUsingGET_1
2022-04-28 23:45:29.736 INFO  s.d.s.w.r.operation.CachingOperationNameGenerator :40   [32m                  [0;39m Generating unique operation named: getCommentsListUsingGET_1
2022-04-28 23:45:30.920 INFO  com.fish.community.demo.DemoApplicationTests      :61   [32m                  [0;39m Started DemoApplicationTests in 11.032 seconds (JVM running for 11.891)
2022-04-28 23:47:21.856 INFO  org.hibernate.validator.internal.util.Version     :21   [32m                  [0;39m HV000001: Hibernate Validator 6.2.0.Final
2022-04-28 23:47:21.867 INFO  com.fish.community.demo.DemoApplicationTests      :55   [32m                  [0;39m Starting DemoApplicationTests using Java 1.8.0_181 on yc001 with PID 14368 (started by A in F:\springbootœÓƒø\œÃ”„…Á«¯)
2022-04-28 23:47:21.870 INFO  com.fish.community.demo.DemoApplicationTests      :659  [32m                  [0;39m No active profile set, falling back to default profiles: default
2022-04-28 23:47:22.838 INFO  o.s.d.r.config.RepositoryConfigurationDelegate    :262  [32m                  [0;39m Multiple Spring Data modules found, entering strict repository configuration mode!
2022-04-28 23:47:22.841 INFO  o.s.d.r.config.RepositoryConfigurationDelegate    :132  [32m                  [0;39m Bootstrapping Spring Data Redis repositories in DEFAULT mode.
2022-04-28 23:47:22.873 INFO  o.s.d.r.config.RepositoryConfigurationDelegate    :201  [32m                  [0;39m Finished Spring Data repository scanning in 18 ms. Found 0 Redis repository interfaces.
2022-04-28 23:47:24.817 INFO  o.s.boot.web.embedded.tomcat.TomcatWebServer      :108  [32m                  [0;39m Tomcat initialized with port(s): 0 (http)
2022-04-28 23:47:24.826 INFO  org.apache.coyote.http11.Http11NioProtocol        :173  [32m                  [0;39m Initializing ProtocolHandler ["http-nio-auto-1"]
2022-04-28 23:47:24.827 INFO  org.apache.catalina.core.StandardService          :173  [32m                  [0;39m Starting service [Tomcat]
2022-04-28 23:47:24.828 INFO  org.apache.catalina.core.StandardEngine           :173  [32m                  [0;39m Starting Servlet engine: [Apache Tomcat/9.0.53]
2022-04-28 23:47:24.930 INFO  o.a.c.core.ContainerBase.[Tomcat].[localhost].[/] :173  [32m                  [0;39m Initializing Spring embedded WebApplicationContext
2022-04-28 23:47:24.931 INFO  o.s.b.w.s.c.ServletWebServerApplicationContext    :290  [32m                  [0;39m Root WebApplicationContext: initialization completed in 3041 ms
2022-04-28 23:47:28.565 INFO  s.d.s.w.PropertySourcedRequestMappingHandlerMapping:69   [32m                  [0;39m Mapped URL path [/v2/api-docs] onto method [springfox.documentation.swagger2.web.Swagger2Controller#getDocumentation(String, HttpServletRequest)]
2022-04-28 23:47:29.514 INFO  org.apache.coyote.http11.Http11NioProtocol        :173  [32m                  [0;39m Starting ProtocolHandler ["http-nio-auto-1"]
2022-04-28 23:47:29.530 INFO  o.s.boot.web.embedded.tomcat.TomcatWebServer      :220  [32m                  [0;39m Tomcat started on port(s): 5708 (http) with context path ''
2022-04-28 23:47:29.531 INFO  s.d.s.web.plugins.DocumentationPluginsBootstrapper:147  [32m                  [0;39m Context refreshed
2022-04-28 23:47:29.554 INFO  s.d.s.web.plugins.DocumentationPluginsBootstrapper:150  [32m                  [0;39m Found 1 custom documentation plugin(s)
2022-04-28 23:47:29.587 INFO  s.d.spring.web.scanners.ApiListingReferenceScanner:41   [32m                  [0;39m Scanning for api listing references
2022-04-28 23:47:29.699 INFO  s.d.s.w.r.operation.CachingOperationNameGenerator :40   [32m                  [0;39m Generating unique operation named: getArticleListsUsingGET_1
2022-04-28 23:47:29.726 INFO  s.d.s.w.r.operation.CachingOperationNameGenerator :40   [32m                  [0;39m Generating unique operation named: searchByKeyUsingGET_1
2022-04-28 23:47:29.750 INFO  s.d.s.w.r.operation.CachingOperationNameGenerator :40   [32m                  [0;39m Generating unique operation named: getCommentsListUsingGET_1
2022-04-28 23:47:30.876 INFO  com.fish.community.demo.DemoApplicationTests      :61   [32m                  [0;39m Started DemoApplicationTests in 9.348 seconds (JVM running for 10.281)
