2022-04-10 13:06:04.724 INFO  com.fish.community.demo.DemoApplicationTests      :55   [32m                  [0;39m Starting DemoApplicationTests using Java 1.8.0_181 on yc001 with PID 20036 (started by A in F:\springbootœÓƒø\œÃ”„…Á«¯)
2022-04-10 13:06:04.730 INFO  com.fish.community.demo.DemoApplicationTests      :659  [32m                  [0;39m No active profile set, falling back to default profiles: default
2022-04-10 13:06:04.737 INFO  org.hibernate.validator.internal.util.Version     :21   [32m                  [0;39m HV000001: Hibernate Validator 6.2.0.Final
2022-04-10 13:06:06.040 INFO  o.s.d.r.config.RepositoryConfigurationDelegate    :262  [32m                  [0;39m Multiple Spring Data modules found, entering strict repository configuration mode!
2022-04-10 13:06:06.044 INFO  o.s.d.r.config.RepositoryConfigurationDelegate    :132  [32m                  [0;39m Bootstrapping Spring Data Redis repositories in DEFAULT mode.
2022-04-10 13:06:06.073 INFO  o.s.d.r.config.RepositoryConfigurationDelegate    :201  [32m                  [0;39m Finished Spring Data repository scanning in 14 ms. Found 0 Redis repository interfaces.
2022-04-10 13:06:08.617 INFO  s.d.s.w.PropertySourcedRequestMappingHandlerMapping:69   [32m                  [0;39m Mapped URL path [/v2/api-docs] onto method [springfox.documentation.swagger2.web.Swagger2Controller#getDocumentation(String, HttpServletRequest)]
2022-04-10 13:06:09.542 INFO  s.d.s.web.plugins.DocumentationPluginsBootstrapper:147  [32m                  [0;39m Context refreshed
2022-04-10 13:06:09.568 INFO  s.d.s.web.plugins.DocumentationPluginsBootstrapper:150  [32m                  [0;39m Found 1 custom documentation plugin(s)
2022-04-10 13:06:09.604 INFO  s.d.spring.web.scanners.ApiListingReferenceScanner:41   [32m                  [0;39m Scanning for api listing references
2022-04-10 13:06:09.786 INFO  com.fish.community.demo.DemoApplicationTests      :61   [32m                  [0;39m Started DemoApplicationTests in 5.531 seconds (JVM running for 6.853)
2022-04-10 16:08:39.781 INFO  com.fish.community.demo.DemoApplicationTests      :55   [32m                  [0;39m Starting DemoApplicationTests using Java 1.8.0_181 on yc001 with PID 13416 (started by A in F:\springbootœÓƒø\œÃ”„…Á«¯)
2022-04-10 16:08:39.817 INFO  org.hibernate.validator.internal.util.Version     :21   [32m                  [0;39m HV000001: Hibernate Validator 6.2.0.Final
2022-04-10 16:08:39.913 INFO  com.fish.community.demo.DemoApplicationTests      :659  [32m                  [0;39m No active profile set, falling back to default profiles: default
2022-04-10 16:08:41.161 INFO  o.s.d.r.config.RepositoryConfigurationDelegate    :262  [32m                  [0;39m Multiple Spring Data modules found, entering strict repository configuration mode!
2022-04-10 16:08:41.165 INFO  o.s.d.r.config.RepositoryConfigurationDelegate    :132  [32m                  [0;39m Bootstrapping Spring Data Redis repositories in DEFAULT mode.
2022-04-10 16:08:41.194 INFO  o.s.d.r.config.RepositoryConfigurationDelegate    :201  [32m                  [0;39m Finished Spring Data repository scanning in 15 ms. Found 0 Redis repository interfaces.
2022-04-10 16:08:43.808 INFO  s.d.s.w.PropertySourcedRequestMappingHandlerMapping:69   [32m                  [0;39m Mapped URL path [/v2/api-docs] onto method [springfox.documentation.swagger2.web.Swagger2Controller#getDocumentation(String, HttpServletRequest)]
2022-04-10 16:08:45.050 INFO  s.d.s.web.plugins.DocumentationPluginsBootstrapper:147  [32m                  [0;39m Context refreshed
2022-04-10 16:08:45.084 INFO  s.d.s.web.plugins.DocumentationPluginsBootstrapper:150  [32m                  [0;39m Found 1 custom documentation plugin(s)
2022-04-10 16:08:45.133 INFO  s.d.spring.web.scanners.ApiListingReferenceScanner:41   [32m                  [0;39m Scanning for api listing references
2022-04-10 16:08:45.368 INFO  com.fish.community.demo.DemoApplicationTests      :61   [32m                  [0;39m Started DemoApplicationTests in 6.002 seconds (JVM running for 7.271)
2022-04-10 22:12:44.645 INFO  com.fish.community.demo.DemoApplicationTests      :55   [32m                  [0;39m Starting DemoApplicationTests using Java 1.8.0_181 on yc001 with PID 7704 (started by A in F:\springbootœÓƒø\œÃ”„…Á«¯)
2022-04-10 22:12:44.657 INFO  org.hibernate.validator.internal.util.Version     :21   [32m                  [0;39m HV000001: Hibernate Validator 6.2.0.Final
2022-04-10 22:12:44.688 INFO  com.fish.community.demo.DemoApplicationTests      :659  [32m                  [0;39m No active profile set, falling back to default profiles: default
2022-04-10 22:12:46.061 INFO  o.s.d.r.config.RepositoryConfigurationDelegate    :262  [32m                  [0;39m Multiple Spring Data modules found, entering strict repository configuration mode!
2022-04-10 22:12:46.065 INFO  o.s.d.r.config.RepositoryConfigurationDelegate    :132  [32m                  [0;39m Bootstrapping Spring Data Redis repositories in DEFAULT mode.
2022-04-10 22:12:46.100 INFO  o.s.d.r.config.RepositoryConfigurationDelegate    :201  [32m                  [0;39m Finished Spring Data repository scanning in 20 ms. Found 0 Redis repository interfaces.
2022-04-10 22:12:48.754 INFO  s.d.s.w.PropertySourcedRequestMappingHandlerMapping:69   [32m                  [0;39m Mapped URL path [/v2/api-docs] onto method [springfox.documentation.swagger2.web.Swagger2Controller#getDocumentation(String, HttpServletRequest)]
2022-04-10 22:12:50.068 INFO  s.d.s.web.plugins.DocumentationPluginsBootstrapper:147  [32m                  [0;39m Context refreshed
2022-04-10 22:12:50.112 INFO  s.d.s.web.plugins.DocumentationPluginsBootstrapper:150  [32m                  [0;39m Found 1 custom documentation plugin(s)
2022-04-10 22:12:50.196 INFO  s.d.spring.web.scanners.ApiListingReferenceScanner:41   [32m                  [0;39m Scanning for api listing references
2022-04-10 22:12:50.449 INFO  com.fish.community.demo.DemoApplicationTests      :61   [32m                  [0;39m Started DemoApplicationTests in 6.28 seconds (JVM running for 7.506)
2022-04-10 22:34:26.129 INFO  com.fish.community.demo.DemoApplicationTests      :55   [32m                  [0;39m Starting DemoApplicationTests using Java 1.8.0_181 on yc001 with PID 7452 (started by A in F:\springbootœÓƒø\œÃ”„…Á«¯)
2022-04-10 22:34:26.168 INFO  com.fish.community.demo.DemoApplicationTests      :659  [32m                  [0;39m No active profile set, falling back to default profiles: default
2022-04-10 22:34:26.173 INFO  org.hibernate.validator.internal.util.Version     :21   [32m                  [0;39m HV000001: Hibernate Validator 6.2.0.Final
2022-04-10 22:34:27.498 INFO  o.s.d.r.config.RepositoryConfigurationDelegate    :262  [32m                  [0;39m Multiple Spring Data modules found, entering strict repository configuration mode!
2022-04-10 22:34:27.507 INFO  o.s.d.r.config.RepositoryConfigurationDelegate    :132  [32m                  [0;39m Bootstrapping Spring Data Redis repositories in DEFAULT mode.
2022-04-10 22:34:27.549 INFO  o.s.d.r.config.RepositoryConfigurationDelegate    :201  [32m                  [0;39m Finished Spring Data repository scanning in 21 ms. Found 0 Redis repository interfaces.
2022-04-10 22:34:30.488 INFO  s.d.s.w.PropertySourcedRequestMappingHandlerMapping:69   [32m                  [0;39m Mapped URL path [/v2/api-docs] onto method [springfox.documentation.swagger2.web.Swagger2Controller#getDocumentation(String, HttpServletRequest)]
2022-04-10 22:34:31.572 INFO  s.d.s.web.plugins.DocumentationPluginsBootstrapper:147  [32m                  [0;39m Context refreshed
2022-04-10 22:34:31.612 INFO  s.d.s.web.plugins.DocumentationPluginsBootstrapper:150  [32m                  [0;39m Found 1 custom documentation plugin(s)
2022-04-10 22:34:31.654 INFO  s.d.spring.web.scanners.ApiListingReferenceScanner:41   [32m                  [0;39m Scanning for api listing references
2022-04-10 22:34:31.928 INFO  com.fish.community.demo.DemoApplicationTests      :61   [32m                  [0;39m Started DemoApplicationTests in 6.264 seconds (JVM running for 7.572)
